{"/Users/dan/devel/tehcentourage/github/js-tool-chest/src/util/timeFnPromise.js": {"path":"/Users/dan/devel/tehcentourage/github/js-tool-chest/src/util/timeFnPromise.js","statementMap":{"0":{"start":{"line":7,"column":22},"end":{"line":17,"column":1}},"1":{"start":{"line":7,"column":30},"end":{"line":17,"column":1}},"2":{"start":{"line":8,"column":18},"end":{"line":8,"column":28}},"3":{"start":{"line":9,"column":20},"end":{"line":9,"column":31}},"4":{"start":{"line":10,"column":4},"end":{"line":12,"column":5}},"5":{"start":{"line":11,"column":8},"end":{"line":11,"column":54}},"6":{"start":{"line":13,"column":28},"end":{"line":15,"column":5}},"7":{"start":{"line":14,"column":8},"end":{"line":14,"column":53}},"8":{"start":{"line":16,"column":4},"end":{"line":16,"column":57}}},"fnMap":{"0":{"name":"(anonymous_0)","decl":{"start":{"line":7,"column":22},"end":{"line":7,"column":23}},"loc":{"start":{"line":7,"column":30},"end":{"line":17,"column":1}},"line":7},"1":{"name":"(anonymous_1)","decl":{"start":{"line":7,"column":30},"end":{"line":7,"column":31}},"loc":{"start":{"line":7,"column":43},"end":{"line":17,"column":1}},"line":7},"2":{"name":"(anonymous_2)","decl":{"start":{"line":13,"column":28},"end":{"line":13,"column":29}},"loc":{"start":{"line":13,"column":37},"end":{"line":15,"column":5}},"line":13}},"branchMap":{"0":{"loc":{"start":{"line":10,"column":4},"end":{"line":12,"column":5}},"type":"if","locations":[{"start":{"line":10,"column":4},"end":{"line":12,"column":5}},{"start":{"line":10,"column":4},"end":{"line":12,"column":5}}],"line":10}},"s":{"0":1,"1":2,"2":3,"3":3,"4":3,"5":1,"6":2,"7":2,"8":2},"f":{"0":2,"1":3,"2":2},"b":{"0":[1,2]},"_coverageSchema":"332fd63041d2c1bcb487cc26dd0d5f7d97098a6c","hash":"ed27647d111d71a482464da08d2373a92057a58e"}
}
